<?xml version="1.0" encoding="UTF-8"?>
<testsuite name="tests.BoardDeletion" tests="1" skipped="1" failures="0" errors="0" timestamp="2023-02-06T17:43:25" hostname="MacBook-Air-Diana.local" time="0.0">
  <properties/>
  <testcase name="boardDeletion1" classname="tests.BoardDeletion" time="0.0">
    <skipped/>
  </testcase>
  <system-out><![CDATA[]]></system-out>
  <system-err><![CDATA[]]></system-err>
</testsuite>
